<?xml version="1.0" encoding="UTF-8"?>
<!-- Generated by org.testng.reporters.JUnitReportReporter -->
<testsuite hostname="SimaNB" name="com.example.tests.GroupCreationTests" tests="2" failures="0" timestamp="12 Sep 2015 21:18:22 GMT" time="4.371" errors="0">
  <testcase name="testEmptyGroupCreation" time="2.428" classname="com.example.tests.GroupCreationTests"/>
  <testcase name="testNonEmptyGroupCreation" time="1.943" classname="com.example.tests.GroupCreationTests"/>
</testsuite> <!-- com.example.tests.GroupCreationTests -->
