<?xml version="1.0" encoding="UTF-8"?>
<!-- Generated by org.testng.reporters.JUnitReportReporter -->
<testsuite hostname="TM-DT176" name="com.example.tests.GroupCreationTests" tests="2" failures="0" timestamp="6 Sep 2015 12:12:48 GMT" time="5.446" errors="0">
  <testcase name="testEmptyGroupCreation" time="3.256" classname="com.example.tests.GroupCreationTests"/>
  <testcase name="testNonEmptyGroupCreation" time="2.190" classname="com.example.tests.GroupCreationTests"/>
</testsuite> <!-- com.example.tests.GroupCreationTests -->
