<?xml version="1.0" encoding="UTF-8"?>
<!-- Generated by org.testng.reporters.JUnitReportReporter -->
<testsuite hostname="TM-DT176" name="com.example.tests.GroupCreationTests" tests="2" failures="0" timestamp="3 Sep 2015 16:11:29 GMT" time="4.043" errors="0">
  <testcase name="testNonEmptyGroupCreation" time="1.877" classname="com.example.tests.GroupCreationTests"/>
  <testcase name="testEmptyGroupCreation" time="2.166" classname="com.example.tests.GroupCreationTests"/>
</testsuite> <!-- com.example.tests.GroupCreationTests -->
