<?xml version="1.0" encoding="UTF-8"?>
<!-- Generated by org.testng.reporters.JUnitReportReporter -->
<testsuite hostname="TM-DT176" name="com.example.tests.ContactCreationTest" tests="2" failures="0" timestamp="6 Sep 2015 12:37:56 GMT" time="5.771" errors="0">
  <testcase name="testEmtyContactCreation" time="3.481" classname="com.example.tests.ContactCreationTest"/>
  <testcase name="testNotEmtyContactCreation" time="2.290" classname="com.example.tests.ContactCreationTest"/>
</testsuite> <!-- com.example.tests.ContactCreationTest -->
